<?xml version="1.0" encoding="UTF-8"?>
<!-- Generated by org.testng.reporters.JUnitXMLReporter -->
<testsuite ignored="0" hostname="Jeevan" failures="1" tests="3" name="TopGraduate WebApp Test" time="20.736" errors="0" timestamp="2023-05-24T06:01:10 IST">
  <testcase classname="com.topGraduate.testCases.TC_RegisterTest_001" name="Verify_Employer_Register_Page_Display" time="1.197"/>
  <testcase classname="com.topGraduate.testCases.TC_RegisterTest_001" name="Verify_Employer_Registration_with_ValidData" time="4.889"/>
  <testcase classname="com.topGraduate.testCases.TC_RegisterTest_001" name="Verify_Resend_Email_Functionality" time="3.158">
    <failure type="java.lang.AssertionError" message="expected [Mail Sent Successfully] but found []">
      <![CDATA[java.lang.AssertionError: expected [Mail Sent Successfully] but found []
at com.topGraduate.pageObjects.EmployerRegistrationPage.ResendEmail(EmployerRegistrationPage.java:97)
at com.topGraduate.testCases.TC_RegisterTest_001.Verify_Resend_Email_Functionality(TC_RegisterTest_001.java:48)
at java.base/java.util.ArrayList.forEach(ArrayList.java:1511)
... Removed 33 stack frames]]>
    </failure>
  </testcase> <!-- Verify_Resend_Email_Functionality -->
</testsuite> <!-- TopGraduate WebApp Test -->
